<?xml version="1.0" encoding="UTF-8"?>
<!-- Generated by org.testng.reporters.JUnitXMLReporter -->
<testsuite ignored="0" hostname="ndi-lap-845" failures="3" tests="5" name="Test" time="63.445" errors="0" timestamp="2020-04-09T15:25:11 IST">
  <testcase classname="TestCases.workdayTestCase" name="isEmailDisplayed" time="22.422"/>
  <testcase classname="TestCases.workdayTestCase" name="checkTickAndSubmit" time="10.014"/>
  <testcase classname="TestCases.workdayTestCase" name="checkUser" time="0.001">
    <failure type="java.lang.NullPointerException">
      <![CDATA[java.lang.NullPointerException
at TestCases.workdayTestCase.checkUser(workdayTestCase.java:38)
at java.base/java.util.ArrayList.forEach(ArrayList.java:1540)
... Removed 27 stack frames]]>
    </failure>
  </testcase> <!-- checkUser -->
  <testcase classname="TestCases.workdayTestCase" name="isPersonalInfoClicked" time="0.001">
    <failure type="java.lang.NullPointerException">
      <![CDATA[java.lang.NullPointerException
at TestCases.workdayTestCase.isPersonalInfoClicked(workdayTestCase.java:48)
at java.base/java.util.ArrayList.forEach(ArrayList.java:1540)
... Removed 27 stack frames]]>
    </failure>
  </testcase> <!-- isPersonalInfoClicked -->
  <testcase classname="TestCases.workdayTestCase" name="isCommentAdded" time="0.004">
    <failure type="java.lang.NullPointerException">
      <![CDATA[java.lang.NullPointerException
at TestCases.workdayTestCase.isCommentAdded(workdayTestCase.java:58)
at java.base/java.util.ArrayList.forEach(ArrayList.java:1540)
... Removed 27 stack frames]]>
    </failure>
  </testcase> <!-- isCommentAdded -->
</testsuite> <!-- Test -->
