<?xml version="1.0" encoding="UTF-8"?>
<testng-results ignored="0" total="5" passed="2" failed="3" skipped="0">
  <reporter-output>
    <line>
      <![CDATA[in the before suite]]>
    </line>
    <line>
      <![CDATA[Report generated with screenshot]]>
    </line>
    <line>
      <![CDATA[Report generated with screenshot]]>
    </line>
    <line>
      <![CDATA[Report generated with screenshot]]>
    </line>
    <line>
      <![CDATA[Report generated with screenshot]]>
    </line>
    <line>
      <![CDATA[Report generated with screenshot]]>
    </line>
  </reporter-output>
  <suite started-at="2020-04-09T15:30:12 IST" name="Default suite" finished-at="2020-04-09T15:30:54 IST" duration-ms="41333">
    <groups>
    </groups>
    <test started-at="2020-04-09T15:30:12 IST" name="Default test" finished-at="2020-04-09T15:30:54 IST" duration-ms="41333">
      <class name="TestCases.workdayTestCase">
        <test-method is-config="true" signature="beforesuite()[pri:0, instance:TestCases.workdayTestCase@6a6afff2]" started-at="2020-04-09T15:30:12 IST" name="beforesuite" finished-at="2020-04-09T15:30:12 IST" duration-ms="320" status="PASS">
          <reporter-output>
            <line>
              <![CDATA[in the before suite]]>
            </line>
          </reporter-output>
        </test-method> <!-- beforesuite -->
        <test-method is-config="true" signature="beforeTest()[pri:0, instance:TestCases.workdayTestCase@6a6afff2]" started-at="2020-04-09T15:30:12 IST" name="beforeTest" finished-at="2020-04-09T15:30:23 IST" duration-ms="10790" status="PASS">
          <reporter-output>
          </reporter-output>
        </test-method> <!-- beforeTest -->
        <test-method signature="isEmailDisplayed()[pri:1, instance:TestCases.workdayTestCase@6a6afff2]" started-at="2020-04-09T15:30:23 IST" name="isEmailDisplayed" finished-at="2020-04-09T15:30:37 IST" duration-ms="13997" status="PASS">
          <reporter-output>
          </reporter-output>
        </test-method> <!-- isEmailDisplayed -->
        <test-method is-config="true" signature="aftermethod(org.testng.ITestResult)[pri:0, instance:TestCases.workdayTestCase@6a6afff2]" started-at="2020-04-09T15:30:37 IST" name="aftermethod" finished-at="2020-04-09T15:30:39 IST" duration-ms="1742" status="PASS">
          <params>
            <param index="0">
              <value>
                <![CDATA[[TestResult name=isEmailDisplayed status=SUCCESS method=workdayTestCase.isEmailDisplayed()[pri:1, instance:TestCases.workdayTestCase@6a6afff2] output={null}]]]>
              </value>
            </param>
          </params>
          <reporter-output>
            <line>
              <![CDATA[Report generated with screenshot]]>
            </line>
          </reporter-output>
        </test-method> <!-- aftermethod -->
        <test-method signature="checkTickAndSubmit()[pri:2, instance:TestCases.workdayTestCase@6a6afff2]" started-at="2020-04-09T15:30:39 IST" name="checkTickAndSubmit" finished-at="2020-04-09T15:30:49 IST" duration-ms="10012" status="PASS">
          <reporter-output>
          </reporter-output>
        </test-method> <!-- checkTickAndSubmit -->
        <test-method is-config="true" signature="aftermethod(org.testng.ITestResult)[pri:0, instance:TestCases.workdayTestCase@6a6afff2]" started-at="2020-04-09T15:30:49 IST" name="aftermethod" finished-at="2020-04-09T15:30:50 IST" duration-ms="1011" status="PASS">
          <params>
            <param index="0">
              <value>
                <![CDATA[[TestResult name=checkTickAndSubmit status=SUCCESS method=workdayTestCase.checkTickAndSubmit()[pri:2, instance:TestCases.workdayTestCase@6a6afff2] output={null}]]]>
              </value>
            </param>
          </params>
          <reporter-output>
            <line>
              <![CDATA[Report generated with screenshot]]>
            </line>
          </reporter-output>
        </test-method> <!-- aftermethod -->
        <test-method signature="checkUser()[pri:3, instance:TestCases.workdayTestCase@6a6afff2]" started-at="2020-04-09T15:30:50 IST" name="checkUser" finished-at="2020-04-09T15:30:50 IST" duration-ms="3" status="FAIL">
          <exception class="java.lang.NullPointerException">
            <full-stacktrace>
              <![CDATA[java.lang.NullPointerException
at TestCases.workdayTestCase.checkUser(workdayTestCase.java:38)
at java.base/jdk.internal.reflect.NativeMethodAccessorImpl.invoke0(Native Method)
at java.base/jdk.internal.reflect.NativeMethodAccessorImpl.invoke(NativeMethodAccessorImpl.java:62)
at java.base/jdk.internal.reflect.DelegatingMethodAccessorImpl.invoke(DelegatingMethodAccessorImpl.java:43)
at java.base/java.lang.reflect.Method.invoke(Method.java:566)
at org.testng.internal.MethodInvocationHelper.invokeMethod(MethodInvocationHelper.java:133)
at org.testng.internal.TestInvoker.invokeMethod(TestInvoker.java:584)
at org.testng.internal.TestInvoker.invokeTestMethod(TestInvoker.java:172)
at org.testng.internal.MethodRunner.runInSequence(MethodRunner.java:46)
at org.testng.internal.TestInvoker$MethodInvocationAgent.invoke(TestInvoker.java:804)
at org.testng.internal.TestInvoker.invokeTestMethods(TestInvoker.java:145)
at org.testng.internal.TestMethodWorker.invokeTestMethods(TestMethodWorker.java:146)
at org.testng.internal.TestMethodWorker.run(TestMethodWorker.java:128)
at java.base/java.util.ArrayList.forEach(ArrayList.java:1540)
at org.testng.TestRunner.privateRun(TestRunner.java:770)
at org.testng.TestRunner.run(TestRunner.java:591)
at org.testng.SuiteRunner.runTest(SuiteRunner.java:402)
at org.testng.SuiteRunner.runSequentially(SuiteRunner.java:396)
at org.testng.SuiteRunner.privateRun(SuiteRunner.java:355)
at org.testng.SuiteRunner.run(SuiteRunner.java:304)
at org.testng.SuiteRunnerWorker.runSuite(SuiteRunnerWorker.java:53)
at org.testng.SuiteRunnerWorker.run(SuiteRunnerWorker.java:96)
at org.testng.TestNG.runSuitesSequentially(TestNG.java:1180)
at org.testng.TestNG.runSuitesLocally(TestNG.java:1102)
at org.testng.TestNG.runSuites(TestNG.java:1032)
at org.testng.TestNG.run(TestNG.java:1000)
at org.testng.remote.AbstractRemoteTestNG.run(AbstractRemoteTestNG.java:115)
at org.testng.remote.RemoteTestNG.initAndRun(RemoteTestNG.java:251)
at org.testng.remote.RemoteTestNG.main(RemoteTestNG.java:77)
]]>
            </full-stacktrace>
          </exception> <!-- java.lang.NullPointerException -->
          <reporter-output>
          </reporter-output>
        </test-method> <!-- checkUser -->
        <test-method is-config="true" signature="aftermethod(org.testng.ITestResult)[pri:0, instance:TestCases.workdayTestCase@6a6afff2]" started-at="2020-04-09T15:30:50 IST" name="aftermethod" finished-at="2020-04-09T15:30:51 IST" duration-ms="975" status="PASS">
          <params>
            <param index="0">
              <value>
                <![CDATA[[TestResult name=checkUser status=FAILURE method=workdayTestCase.checkUser()[pri:3, instance:TestCases.workdayTestCase@6a6afff2] output={null}]]]>
              </value>
            </param>
          </params>
          <reporter-output>
            <line>
              <![CDATA[Report generated with screenshot]]>
            </line>
          </reporter-output>
        </test-method> <!-- aftermethod -->
        <test-method signature="isPersonalInfoClicked()[pri:4, instance:TestCases.workdayTestCase@6a6afff2]" started-at="2020-04-09T15:30:51 IST" name="isPersonalInfoClicked" finished-at="2020-04-09T15:30:51 IST" duration-ms="3" status="FAIL">
          <exception class="java.lang.NullPointerException">
            <full-stacktrace>
              <![CDATA[java.lang.NullPointerException
at TestCases.workdayTestCase.isPersonalInfoClicked(workdayTestCase.java:48)
at java.base/jdk.internal.reflect.NativeMethodAccessorImpl.invoke0(Native Method)
at java.base/jdk.internal.reflect.NativeMethodAccessorImpl.invoke(NativeMethodAccessorImpl.java:62)
at java.base/jdk.internal.reflect.DelegatingMethodAccessorImpl.invoke(DelegatingMethodAccessorImpl.java:43)
at java.base/java.lang.reflect.Method.invoke(Method.java:566)
at org.testng.internal.MethodInvocationHelper.invokeMethod(MethodInvocationHelper.java:133)
at org.testng.internal.TestInvoker.invokeMethod(TestInvoker.java:584)
at org.testng.internal.TestInvoker.invokeTestMethod(TestInvoker.java:172)
at org.testng.internal.MethodRunner.runInSequence(MethodRunner.java:46)
at org.testng.internal.TestInvoker$MethodInvocationAgent.invoke(TestInvoker.java:804)
at org.testng.internal.TestInvoker.invokeTestMethods(TestInvoker.java:145)
at org.testng.internal.TestMethodWorker.invokeTestMethods(TestMethodWorker.java:146)
at org.testng.internal.TestMethodWorker.run(TestMethodWorker.java:128)
at java.base/java.util.ArrayList.forEach(ArrayList.java:1540)
at org.testng.TestRunner.privateRun(TestRunner.java:770)
at org.testng.TestRunner.run(TestRunner.java:591)
at org.testng.SuiteRunner.runTest(SuiteRunner.java:402)
at org.testng.SuiteRunner.runSequentially(SuiteRunner.java:396)
at org.testng.SuiteRunner.privateRun(SuiteRunner.java:355)
at org.testng.SuiteRunner.run(SuiteRunner.java:304)
at org.testng.SuiteRunnerWorker.runSuite(SuiteRunnerWorker.java:53)
at org.testng.SuiteRunnerWorker.run(SuiteRunnerWorker.java:96)
at org.testng.TestNG.runSuitesSequentially(TestNG.java:1180)
at org.testng.TestNG.runSuitesLocally(TestNG.java:1102)
at org.testng.TestNG.runSuites(TestNG.java:1032)
at org.testng.TestNG.run(TestNG.java:1000)
at org.testng.remote.AbstractRemoteTestNG.run(AbstractRemoteTestNG.java:115)
at org.testng.remote.RemoteTestNG.initAndRun(RemoteTestNG.java:251)
at org.testng.remote.RemoteTestNG.main(RemoteTestNG.java:77)
]]>
            </full-stacktrace>
          </exception> <!-- java.lang.NullPointerException -->
          <reporter-output>
          </reporter-output>
        </test-method> <!-- isPersonalInfoClicked -->
        <test-method is-config="true" signature="aftermethod(org.testng.ITestResult)[pri:0, instance:TestCases.workdayTestCase@6a6afff2]" started-at="2020-04-09T15:30:51 IST" name="aftermethod" finished-at="2020-04-09T15:30:52 IST" duration-ms="900" status="PASS">
          <params>
            <param index="0">
              <value>
                <![CDATA[[TestResult name=isPersonalInfoClicked status=FAILURE method=workdayTestCase.isPersonalInfoClicked()[pri:4, instance:TestCases.workdayTestCase@6a6afff2] output={null}]]]>
              </value>
            </param>
          </params>
          <reporter-output>
            <line>
              <![CDATA[Report generated with screenshot]]>
            </line>
          </reporter-output>
        </test-method> <!-- aftermethod -->
        <test-method signature="isCommentAdded()[pri:5, instance:TestCases.workdayTestCase@6a6afff2]" started-at="2020-04-09T15:30:52 IST" name="isCommentAdded" finished-at="2020-04-09T15:30:52 IST" duration-ms="4" status="FAIL">
          <exception class="java.lang.NullPointerException">
            <full-stacktrace>
              <![CDATA[java.lang.NullPointerException
at TestCases.workdayTestCase.isCommentAdded(workdayTestCase.java:58)
at java.base/jdk.internal.reflect.NativeMethodAccessorImpl.invoke0(Native Method)
at java.base/jdk.internal.reflect.NativeMethodAccessorImpl.invoke(NativeMethodAccessorImpl.java:62)
at java.base/jdk.internal.reflect.DelegatingMethodAccessorImpl.invoke(DelegatingMethodAccessorImpl.java:43)
at java.base/java.lang.reflect.Method.invoke(Method.java:566)
at org.testng.internal.MethodInvocationHelper.invokeMethod(MethodInvocationHelper.java:133)
at org.testng.internal.TestInvoker.invokeMethod(TestInvoker.java:584)
at org.testng.internal.TestInvoker.invokeTestMethod(TestInvoker.java:172)
at org.testng.internal.MethodRunner.runInSequence(MethodRunner.java:46)
at org.testng.internal.TestInvoker$MethodInvocationAgent.invoke(TestInvoker.java:804)
at org.testng.internal.TestInvoker.invokeTestMethods(TestInvoker.java:145)
at org.testng.internal.TestMethodWorker.invokeTestMethods(TestMethodWorker.java:146)
at org.testng.internal.TestMethodWorker.run(TestMethodWorker.java:128)
at java.base/java.util.ArrayList.forEach(ArrayList.java:1540)
at org.testng.TestRunner.privateRun(TestRunner.java:770)
at org.testng.TestRunner.run(TestRunner.java:591)
at org.testng.SuiteRunner.runTest(SuiteRunner.java:402)
at org.testng.SuiteRunner.runSequentially(SuiteRunner.java:396)
at org.testng.SuiteRunner.privateRun(SuiteRunner.java:355)
at org.testng.SuiteRunner.run(SuiteRunner.java:304)
at org.testng.SuiteRunnerWorker.runSuite(SuiteRunnerWorker.java:53)
at org.testng.SuiteRunnerWorker.run(SuiteRunnerWorker.java:96)
at org.testng.TestNG.runSuitesSequentially(TestNG.java:1180)
at org.testng.TestNG.runSuitesLocally(TestNG.java:1102)
at org.testng.TestNG.runSuites(TestNG.java:1032)
at org.testng.TestNG.run(TestNG.java:1000)
at org.testng.remote.AbstractRemoteTestNG.run(AbstractRemoteTestNG.java:115)
at org.testng.remote.RemoteTestNG.initAndRun(RemoteTestNG.java:251)
at org.testng.remote.RemoteTestNG.main(RemoteTestNG.java:77)
]]>
            </full-stacktrace>
          </exception> <!-- java.lang.NullPointerException -->
          <reporter-output>
          </reporter-output>
        </test-method> <!-- isCommentAdded -->
        <test-method is-config="true" signature="aftermethod(org.testng.ITestResult)[pri:0, instance:TestCases.workdayTestCase@6a6afff2]" started-at="2020-04-09T15:30:52 IST" name="aftermethod" finished-at="2020-04-09T15:30:53 IST" duration-ms="945" status="PASS">
          <params>
            <param index="0">
              <value>
                <![CDATA[[TestResult name=isCommentAdded status=FAILURE method=workdayTestCase.isCommentAdded()[pri:5, instance:TestCases.workdayTestCase@6a6afff2] output={null}]]]>
              </value>
            </param>
          </params>
          <reporter-output>
            <line>
              <![CDATA[Report generated with screenshot]]>
            </line>
          </reporter-output>
        </test-method> <!-- aftermethod -->
        <test-method is-config="true" signature="afterTest()[pri:0, instance:TestCases.workdayTestCase@6a6afff2]" started-at="2020-04-09T15:30:53 IST" name="afterTest" finished-at="2020-04-09T15:30:54 IST" duration-ms="851" status="PASS">
          <reporter-output>
          </reporter-output>
        </test-method> <!-- afterTest -->
      </class> <!-- TestCases.workdayTestCase -->
    </test> <!-- Default test -->
  </suite> <!-- Default suite -->
</testng-results>
