<?xml version="1.0" encoding="UTF-8"?>
<!-- Generated by org.testng.reporters.JUnitXMLReporter -->
<testsuite ignored="12" hostname="ndi-lap-845" failures="4" tests="5" name="Workday Test Cases" time="74.607" errors="0" timestamp="2020-03-30T17:00:12 IST">
  <testcase classname="TestCases.signInTest" name="isEmailDisplayed" time="63.931"/>
  <testcase classname="TestCases.rememberDeviceTest" name="checkClickAndSubmit" time="0.005">
    <failure type="java.lang.NullPointerException">
      <![CDATA[java.lang.NullPointerException
at TestCases.rememberDeviceTest.checkClickAndSubmit(rememberDeviceTest.java:9)
at java.base/java.util.ArrayList.forEach(ArrayList.java:1540)
... Removed 27 stack frames]]>
    </failure>
  </testcase> <!-- checkClickAndSubmit -->
  <testcase classname="TestCases.mainPageTest" name="checkUser" time="0.008">
    <failure type="java.lang.NullPointerException">
      <![CDATA[java.lang.NullPointerException
at TestCases.mainPageTest.checkUser(mainPageTest.java:10)
at java.base/java.util.ArrayList.forEach(ArrayList.java:1540)
... Removed 27 stack frames]]>
    </failure>
  </testcase> <!-- checkUser -->
  <testcase classname="TestCases.personalInfoTest" name="isPersonalInfoClicked" time="0.007">
    <failure type="java.lang.NullPointerException">
      <![CDATA[java.lang.NullPointerException
at TestCases.personalInfoTest.isPersonalInfoClicked(personalInfoTest.java:10)
at java.base/java.util.ArrayList.forEach(ArrayList.java:1540)
... Removed 27 stack frames]]>
    </failure>
  </testcase> <!-- isPersonalInfoClicked -->
  <testcase classname="TestCases.addCommentTest" name="isCommentAdded" time="0.007">
    <failure type="java.lang.NullPointerException">
      <![CDATA[java.lang.NullPointerException
at TestCases.addCommentTest.isCommentAdded(addCommentTest.java:10)
at java.base/java.util.ArrayList.forEach(ArrayList.java:1540)
... Removed 27 stack frames]]>
    </failure>
  </testcase> <!-- isCommentAdded -->
  <testcase classname="TestCases.testBase" name="@BeforeSuite beforesuit" time="0.0">
    <ignored/>
  </testcase> <!-- @BeforeSuite beforesuit -->
  <testcase classname="TestCases.testBase" name="@BeforeSuite beforesuit" time="0.0">
    <ignored/>
  </testcase> <!-- @BeforeSuite beforesuit -->
  <testcase classname="TestCases.testBase" name="@BeforeSuite beforesuit" time="0.0">
    <ignored/>
  </testcase> <!-- @BeforeSuite beforesuit -->
  <testcase classname="TestCases.testBase" name="@BeforeSuite beforesuit" time="0.0">
    <ignored/>
  </testcase> <!-- @BeforeSuite beforesuit -->
  <testcase classname="TestCases.testBase" name="@AfterTest afterTest" time="0.0">
    <ignored/>
  </testcase> <!-- @AfterTest afterTest -->
  <testcase classname="TestCases.testBase" name="@AfterTest afterTest" time="0.0">
    <ignored/>
  </testcase> <!-- @AfterTest afterTest -->
  <testcase classname="TestCases.testBase" name="@AfterTest afterTest" time="0.0">
    <ignored/>
  </testcase> <!-- @AfterTest afterTest -->
  <testcase classname="TestCases.testBase" name="@AfterTest afterTest" time="0.0">
    <ignored/>
  </testcase> <!-- @AfterTest afterTest -->
  <testcase classname="TestCases.testBase" name="@BeforeTest beforeTest" time="0.0">
    <ignored/>
  </testcase> <!-- @BeforeTest beforeTest -->
  <testcase classname="TestCases.testBase" name="@BeforeTest beforeTest" time="0.0">
    <ignored/>
  </testcase> <!-- @BeforeTest beforeTest -->
  <testcase classname="TestCases.testBase" name="@BeforeTest beforeTest" time="0.0">
    <ignored/>
  </testcase> <!-- @BeforeTest beforeTest -->
  <testcase classname="TestCases.testBase" name="@BeforeTest beforeTest" time="0.0">
    <ignored/>
  </testcase> <!-- @BeforeTest beforeTest -->
</testsuite> <!-- Workday Test Cases -->
